                :-) GROMACS - gmx mdrun, 2025.4-conda_forge (-:

Copyright 1991-2025 The GROMACS Authors.
GROMACS is free software; you can redistribute it and/or modify it
under the terms of the GNU Lesser General Public License
as published by the Free Software Foundation; either version 2.1
of the License, or (at your option) any later version.

                         Current GROMACS contributors:
       Mark Abraham           Andrey Alekseenko           Brian Andrews       
      Vladimir Basov              Paul Bauer                Hugh Bird         
      Eliane Briand               Ania Brown              Mahesh Doijade      
      Giacomo Fiorin          Stefan Fleischmann          Sergey Gorelov      
   Gilles Gouaillardet            Alan Gray              M. Eric Irrgang      
   Farzaneh Jalalypour         Petter Johansson          Carsten Kutzner      
    Grzegorz Łazarski         Justin A. Lemkul          Magnus Lundborg      
       Pascal Merz             Vedran Miletić            Dmitry Morozov      
     Lukas Müllender            Julien Nabet             Szilárd Páll      
 Andrea Pasquadibisceglie     Michele Pellegrino         Nicola Piasentin     
     Daniele Rapetti         Muhammad Umair Sadiq         Hubert Santuz       
      Roland Schulz             Michael Shirts           Tatiana Shugaeva     
     Alexey Shvetsov            Philip Turner            Alessandra Villa     
 Sebastian Wingbermühle  

                         Previous GROMACS contributors:
        Emile Apol             Rossen Apostolov           James Barnett       
  Herman J.C. Berendsen         Cathrine Bergh             Par Bjelkmar       
      Christian Blau          Viacheslav Bolnykh            Kevin Boyd        
    Aldert van Buuren          Carlo Camilloni           Rudi van Drunen      
      Anton Feenstra           Oliver Fleetwood            Vytas Gapsys       
       Gaurav Garg             Gerrit Groenhof            Bert de Groot       
      Anca Hamuraru           Vincent Hindriksen          Victor Holanda      
     Aleksei Iupinov              Joe Jordan            Christoph Junghans    
    Prashanth Kanduri        Dimitrios Karkoulis           Peter Kasson       
      Sebastian Kehl           Sebastian Keller             Jiri Kraus        
       Per Larsson              Viveca Lindahl            Erik Marklund       
    Pieter Meulenhoff           Teemu Murtola              Sander Pronk       
      Alfons Sijbers            Balint Soproni         David van der Spoel    
      Peter Tieleman            Carsten Uphoff             Jon Vincent        
     Teemu Virolainen         Christian Wennberg           Maarten Wolf       
      Artem Zhmurov       

                  Coordinated by the GROMACS project leaders:
                           Berk Hess and Erik Lindahl

GROMACS:      gmx mdrun, version 2025.4-conda_forge
Executable:   /opt/miniconda/bin.AVX2_256/gmx
Data prefix:  /opt/miniconda
Working dir:  /kaggle/working
Process ID:   749
Command line:
  gmx mdrun -v -deffnm /kaggle/working/prod -ntmpi 1 -ntomp 4

GROMACS version:     2025.4-conda_forge
Precision:           mixed
Memory model:        64 bit
MPI library:         thread_mpi
OpenMP support:      enabled (GMX_OPENMP_MAX_THREADS = 128)
GPU support:         CUDA
NBNxM GPU setup:     super-cluster 2x2x2 / cluster 8 (cluster-pair splitting on)
SIMD instructions:   AVX2_256
CPU FFT library:     fftw-3.3.10-sse2-avx
GPU FFT library:     cuFFT
Multi-GPU FFT:       none
RDTSCP usage:        disabled
TNG support:         enabled
Hwloc support:       disabled
Tracing support:     disabled
C compiler:          /home/conda/feedstock_root/build_artifacts/gromacs_1764344666726/_build_env/bin/x86_64-conda-linux-gnu-cc GNU 14.3.0
C compiler flags:    -fexcess-precision=fast -funroll-all-loops -mavx2 -mfma -Wno-missing-field-initializers -O3 -DNDEBUG
C++ compiler:        /home/conda/feedstock_root/build_artifacts/gromacs_1764344666726/_build_env/bin/x86_64-conda-linux-gnu-c++ GNU 14.3.0
C++ compiler flags:  -fexcess-precision=fast -funroll-all-loops -mavx2 -mfma -Wno-missing-field-initializers -Wno-cast-function-type-strict SHELL:-fopenmp -O3 -DNDEBUG
BLAS library:        Internal
LAPACK library:      Internal
CUDA compiler:       /opt/miniconda/bin/nvcc nvcc: NVIDIA (R) Cuda compiler driver;Copyright (c) 2005-2025 NVIDIA Corporation;Built on Tue_May_27_02:21:03_PDT_2025;Cuda compilation tools, release 12.9, V12.9.86;Build cuda_12.9.r12.9/compiler.36037853_0
CUDA compiler flags: -O3 -DNDEBUG
CUDA driver:         13.0
CUDA runtime:        12.90


Running on 1 node with total 2 cores, 4 processing units, 2 compatible GPUs
Hardware detected on host 8fa552e74a89:
  CPU info:
    Vendor: Intel
    Brand:  Intel(R) Xeon(R) CPU @ 2.00GHz
    Family: 6   Model: 85   Stepping: 3
    Features: aes apic avx avx2 avx512f avx512cd avx512bw avx512vl avx512secondFMA clfsh cmov cx8 cx16 f16c fma hle htt intel lahf mmx msr nonstop_tsc pcid pclmuldq pdpe1gb popcnt pse rdrnd rdtscp rtm sse2 sse3 sse4.1 sse4.2 ssse3 x2apic
    Number of AVX-512 FMA units: 2
  Hardware topology: Basic
    Packages, cores, and logical processors:
    [indices refer to OS logical processors]
      Package  0: [   0   2] [   1   3]
    CPU limit set by OS: 4   Recommended max number of threads: 4
  GPU info:
    Number of GPUs detected: 2
    #0: NVIDIA Tesla T4, compute cap.: 7.5, ECC: yes, stat: compatible
    #1: NVIDIA Tesla T4, compute cap.: 7.5, ECC: yes, stat: compatible

Likely fastest SIMD instructions supported by all nodes: AVX_512
SIMD instructions selected at compile time:              AVX2_256
Merely a note: it is unfortunately hard to know for sure which SIMD
instructons will perform best on this hardware. For non-GPU runs
on Intel CPUs with dual AVX-512 units, using AVX-512 can be good,
while AVX2 is often better for runs also using a GPU. Typically
this is just a few percent, so don't worry unless you are tuning.

The current CPU can measure timings more accurately than the code in
gmx mdrun was configured to use. This might affect your simulation
speed as accurate timings are needed for load-balancing.
Please consider rebuilding gmx mdrun with the GMX_USE_RDTSCP=ON CMake option.

++++ PLEASE READ AND CITE THE FOLLOWING REFERENCE ++++
M. J. Abraham, T. Murtola, R. Schulz, S. Páll, J. C. Smith, B. Hess, E.
Lindahl
GROMACS: High performance molecular simulations through multi-level
parallelism from laptops to supercomputers
SoftwareX (2015)
DOI: 10.1016/j.softx.2015.06.001
-------- -------- --- Thank You --- -------- --------


++++ PLEASE READ AND CITE THE FOLLOWING REFERENCE ++++
S. Páll, M. J. Abraham, C. Kutzner, B. Hess, E. Lindahl
Tackling Exascale Software Challenges in Molecular Dynamics Simulations with
GROMACS
In S. Markidis & E. Laure (Eds.), Solving Software Challenges for Exascale (2015)
DOI: 10.1007/978-3-319-15976-8_1
-------- -------- --- Thank You --- -------- --------


++++ PLEASE READ AND CITE THE FOLLOWING REFERENCE ++++
S. Pronk, S. Páll, R. Schulz, P. Larsson, P. Bjelkmar, R. Apostolov, M. R.
Shirts, J. C. Smith, P. M. Kasson, D. van der Spoel, B. Hess, E. Lindahl
GROMACS 4.5: a high-throughput and highly parallel open source molecular
simulation toolkit
Bioinformatics (2013)
DOI: 10.1093/bioinformatics/btt055
-------- -------- --- Thank You --- -------- --------


++++ PLEASE READ AND CITE THE FOLLOWING REFERENCE ++++
B. Hess, C. Kutzner, D. van der Spoel, E. Lindahl
GROMACS 4: Algorithms for highly efficient, load-balanced, and scalable
molecular simulation
J. Chem. Theory Comput. (2008)
DOI: 10.1021/ct700301q
-------- -------- --- Thank You --- -------- --------


++++ PLEASE READ AND CITE THE FOLLOWING REFERENCE ++++
D. van der Spoel, E. Lindahl, B. Hess, G. Groenhof, A. E. Mark, H. J. C.
Berendsen
GROMACS: Fast, Flexible and Free
J. Comp. Chem. (2005)
DOI: 10.1002/jcc.20291
-------- -------- --- Thank You --- -------- --------


++++ PLEASE READ AND CITE THE FOLLOWING REFERENCE ++++
E. Lindahl, B. Hess, D. van der Spoel
GROMACS 3.0: A package for molecular simulation and trajectory analysis
J. Mol. Mod. (2001)
DOI: 10.1007/s008940100045
-------- -------- --- Thank You --- -------- --------


++++ PLEASE READ AND CITE THE FOLLOWING REFERENCE ++++
H. J. C. Berendsen, D. van der Spoel and R. van Drunen
GROMACS: A message-passing parallel molecular dynamics implementation
Comp. Phys. Comm. (1995)
DOI: 10.1016/0010-4655(95)00042-E
-------- -------- --- Thank You --- -------- --------

Input Parameters:
   integrator                     = md
   tinit                          = 0
   dt                             = 0.002
   nsteps                         = 500000
   init-step                      = 0
   simulation-part                = 1
   mts                            = false
   mass-repartition-factor        = 1
   comm-mode                      = Linear
   nstcomm                        = 100
   bd-fric                        = 0
   ld-seed                        = -344261671
   emtol                          = 10
   emstep                         = 0.01
   niter                          = 20
   fcstep                         = 0
   nstcgsteep                     = 1000
   nbfgscorr                      = 10
   rtpi                           = 0.05
   nstxout                        = 0
   nstvout                        = 0
   nstfout                        = 0
   nstlog                         = 5000
   nstcalcenergy                  = 100
   nstenergy                      = 5000
   nstxout-compressed             = 5000
   compressed-x-precision         = 1000
   cutoff-scheme                  = Verlet
   nstlist                        = 20
   pbc                            = xyz
   periodic-molecules             = false
   verlet-buffer-tolerance        = 0.005
   verlet-buffer-pressure-tolerance = 0.5
   rlist                          = 1.221
   coulombtype                    = PME
   coulomb-modifier               = Potential-shift
   rcoulomb-switch                = 0
   rcoulomb                       = 1.2
   epsilon-r                      = 1
   epsilon-rf                     = inf
   vdw-type                       = Cut-off
   vdw-modifier                   = Potential-shift
   rvdw-switch                    = 0
   rvdw                           = 1.2
   DispCorr                       = No
   table-extension                = 1
   fourierspacing                 = 0.16
   fourier-nx                     = 56
   fourier-ny                     = 56
   fourier-nz                     = 56
   pme-order                      = 4
   ewald-rtol                     = 1e-05
   ewald-rtol-lj                  = 0.001
   lj-pme-comb-rule               = Geometric
   ewald-geometry                 = 3d
   epsilon-surface                = 0
   ensemble-temperature-setting   = constant
   ensemble-temperature           = 310
   tcoupl                         = V-rescale
   nsttcouple                     = 10
   nh-chain-length                = 0
   print-nose-hoover-chain-variables = false
   pcoupl                         = Parrinello-Rahman
   pcoupltype                     = Isotropic
   nstpcouple                     = 5
   tau-p                          = 2
   compressibility (3x3):
      compressibility[    0]={ 4.50000e-05,  0.00000e+00,  0.00000e+00}
      compressibility[    1]={ 0.00000e+00,  4.50000e-05,  0.00000e+00}
      compressibility[    2]={ 0.00000e+00,  0.00000e+00,  4.50000e-05}
   ref-p (3x3):
      ref-p[    0]={ 1.00000e+00,  0.00000e+00,  0.00000e+00}
      ref-p[    1]={ 0.00000e+00,  1.00000e+00,  0.00000e+00}
      ref-p[    2]={ 0.00000e+00,  0.00000e+00,  1.00000e+00}
   refcoord-scaling               = No
   posres-com: not available
   posres-comB: not available
   QMMM                           = false
qm-opts:
   ngQM                           = 0
   constraint-algorithm           = Lincs
   continuation                   = false
   Shake-SOR                      = false
   shake-tol                      = 0.0001
   lincs-order                    = 4
   lincs-iter                     = 1
   lincs-warnangle                = 30
   nwall                          = 0
   wall-type                      = 9-3
   wall-r-linpot                  = -1
   wall-atomtype[0]               = -1
   wall-atomtype[1]               = -1
   wall-density[0]                = 0
   wall-density[1]                = 0
   wall-ewald-zfac                = 3
   pull                           = false
   awh                            = false
   rotation                       = false
   interactiveMD                  = false
   disre                          = No
   disre-weighting                = Conservative
   disre-mixed                    = false
   dr-fc                          = 1000
   dr-tau                         = 0
   nstdisreout                    = 100
   orire-fc                       = 0
   orire-tau                      = 0
   nstorireout                    = 100
   free-energy                    = no
   cos-acceleration               = 0
   deform (3x3):
      deform[    0]={ 0.00000e+00,  0.00000e+00,  0.00000e+00}
      deform[    1]={ 0.00000e+00,  0.00000e+00,  0.00000e+00}
      deform[    2]={ 0.00000e+00,  0.00000e+00,  0.00000e+00}
   simulated-tempering            = false
   swapcoords                     = no
   userint1                       = 0
   userint2                       = 0
   userint3                       = 0
   userint4                       = 0
   userreal1                      = 0
   userreal2                      = 0
   userreal3                      = 0
   userreal4                      = 0
   applied-forces:
     electric-field:
       x:
         E0                       = 0
         omega                    = 0
         t0                       = 0
         sigma                    = 0
       y:
         E0                       = 0
         omega                    = 0
         t0                       = 0
         sigma                    = 0
       z:
         E0                       = 0
         omega                    = 0
         t0                       = 0
         sigma                    = 0
     density-guided-simulation:
       active                     = false
       group                      = protein
       similarity-measure         = inner-product
       atom-spreading-weight      = unity
       force-constant             = 1e+09
       gaussian-transform-spreading-width = 0.2
       gaussian-transform-spreading-range-in-multiples-of-width = 4
       reference-density-filename = reference.mrc
       nst                        = 1
       normalize-densities        = true
       adaptive-force-scaling     = false
       adaptive-force-scaling-time-constant = 4
       shift-vector               = 
       transformation-matrix      = 
     qmmm-cp2k:
       active                     = false
       qmgroup                    = System
       qmmethod                   = PBE
       qmfilenames                = 
       qmcharge                   = 0
       qmmultiplicity             = 1
     colvars:
       active                     = false
       configfile                 = 
       seed                       = -1
     nnpot:
       active                     = false
       modelfile                  = model.pt
       input-group                = System
       model-input1               = 
       model-input2               = 
       model-input3               = 
       model-input4               = 
grpopts:
   nrdf:     10298.6     73827.4
   ref-t:         310         310
   tau-t:         0.1         0.1
annealing:          No          No
annealing-npoints:           0           0
   acc:	           0           0           0
   nfreeze:           N           N           N
   energygrp-flags[  0]: 0

Changing nstlist from 20 to 100, rlist from 1.221 to 1.343


When checking whether update groups are usable:
  Domain decomposition is not active, so there is no need for update groups

Local state does not use filler particles

1 GPU selected for this run.
Mapping of GPU IDs to the 2 GPU tasks in the 1 rank on this node:
  PP:0,PME:0
PP tasks will do (non-perturbed) short-ranged interactions on the GPU
PP task will update and constrain coordinates on the GPU
PME tasks will do all aspects on the GPU
Using 1 MPI thread
Using 4 OpenMP threads 

System total charge: 0.000
Will do PME sum in reciprocal space for electrostatic interactions.

++++ PLEASE READ AND CITE THE FOLLOWING REFERENCE ++++
U. Essmann, L. Perera, M. L. Berkowitz, T. Darden, H. Lee, L. G. Pedersen 
A smooth particle mesh Ewald method
J. Chem. Phys. (1995)
DOI: 10.1063/1.470117
-------- -------- --- Thank You --- -------- --------

Using a Gaussian width (1/beta) of 0.384195 nm for Ewald
Potential shift: LJ r^-12: -1.122e-01 r^-6: -3.349e-01, Ewald -8.333e-06
Initialized non-bonded Coulomb Ewald tables, spacing: 1.02e-03 size: 1176

Generated table with 1171 data points for 1-4 COUL.
Tabscale = 500 points/nm
Generated table with 1171 data points for 1-4 LJ6.
Tabscale = 500 points/nm
Generated table with 1171 data points for 1-4 LJ12.
Tabscale = 500 points/nm


Using GPU 8x4 nonbonded short-range kernels

NBNxM GPU setup: super-cluster 2x2x2

Using a dual 8x4 pair-list setup updated with dynamic, rolling pruning:
  outer list: updated every 100 steps, buffer 0.143 nm, rlist 1.343 nm
  inner list: updated every  12 steps, buffer 0.003 nm, rlist 1.203 nm
At tolerance 0.005 kJ/mol/ps per atom, equivalent classical 1x1 list would be:
  outer list: updated every 100 steps, buffer 0.297 nm, rlist 1.497 nm
  inner list: updated every  12 steps, buffer 0.053 nm, rlist 1.253 nm

The average pressure is off by at most 0.38 bar due to missing LJ interactions

Using Lorentz-Berthelot Lennard-Jones combination rule
Removing pbc first time

Pinning threads with an auto-selected logical cpu stride of 1

Initializing LINear Constraint Solver

++++ PLEASE READ AND CITE THE FOLLOWING REFERENCE ++++
B. Hess, H. Bekker, H. J. C. Berendsen, J. G. E. M. Fraaije
LINCS: A Linear Constraint Solver for molecular simulations
J. Comp. Chem. (1997)
DOI: 10.1002/(sici)1096-987x(199709)18:12<1463::aid-jcc4>3.0.co;2-h
-------- -------- --- Thank You --- -------- --------

The number of constraints is 2043

++++ PLEASE READ AND CITE THE FOLLOWING REFERENCE ++++
S. Miyamoto, P. A. Kollman
SETTLE: An Analytical Version of the SHAKE and RATTLE Algorithms for Rigid
Water Models
J. Comp. Chem. (1992)
DOI: 10.1002/jcc.540130805
-------- -------- --- Thank You --- -------- --------


++++ PLEASE READ AND CITE THE FOLLOWING REFERENCE ++++
G. Bussi, D. Donadio, M. Parrinello
Canonical sampling through velocity rescaling
J. Chem. Phys. (2007)
DOI: 10.1063/1.2408420
-------- -------- --- Thank You --- -------- --------

There are: 40988 Atoms

Updating coordinates and applying constraints on the GPU.

Constraining the starting coordinates (step 0)

Constraining the coordinates at t0-dt (step 0)
Center of mass motion removal mode is Linear
We have the following groups for center of mass motion removal:
  0:  rest
RMS relative constraint deviation after constraining: 3.19e-06
Initial temperature: 310.371 K

Started mdrun on rank 0 Fri Apr 10 13:40:12 2026

           Step           Time
              0        0.00000

   Energies (kJ/mol)
           Bond          Angle    Proper Dih. Per. Imp. Dih.          LJ-14
    3.27058e+03    8.64866e+03    1.05667e+04    5.10224e+02    4.02941e+03
     Coulomb-14        LJ (SR)   Coulomb (SR)   Coul. recip.      Potential
    4.22744e+04    6.47270e+04   -6.81090e+05    2.28035e+03   -5.44783e+05
    Kinetic En.   Total Energy  Conserved En.    Temperature Pressure (bar)
    1.08476e+05   -4.36307e+05   -4.36282e+05    3.10169e+02   -1.51736e+02
   Constr. rmsd
    3.19210e-06

step 4200: timed with pme grid 56 56 56, coulomb cutoff 1.200: 299.8 M-cycles
step 4400: timed with pme grid 48 48 48, coulomb cutoff 1.313: 255.9 M-cycles
step 4600: timed with pme grid 44 44 44, coulomb cutoff 1.432: 320.5 M-cycles
step 4800: timed with pme grid 48 48 48, coulomb cutoff 1.313: 239.8 M-cycles
step 5000: timed with pme grid 52 52 52, coulomb cutoff 1.212: 224.7 M-cycles
           Step           Time
           5000       10.00000

   Energies (kJ/mol)
           Bond          Angle    Proper Dih. Per. Imp. Dih.          LJ-14
    3.25005e+03    8.79316e+03    1.06568e+04    5.29065e+02    4.05008e+03
     Coulomb-14        LJ (SR)   Coulomb (SR)   Coul. recip.      Potential
    4.20979e+04    6.61398e+04   -6.82495e+05    1.72140e+03   -5.45256e+05
    Kinetic En.   Total Energy  Conserved En.    Temperature Pressure (bar)
    1.07979e+05   -4.37277e+05   -4.36252e+05    3.08750e+02   -1.60630e+01
   Constr. rmsd
    3.19210e-06

step 5200: timed with pme grid 48 48 48, coulomb cutoff 1.313: 242.0 M-cycles
step 5400: timed with pme grid 52 52 52, coulomb cutoff 1.212: 225.0 M-cycles
              optimal pme grid 52 52 52, coulomb cutoff 1.212
           Step           Time
          10000       20.00000

   Energies (kJ/mol)
           Bond          Angle    Proper Dih. Per. Imp. Dih.          LJ-14
    3.28353e+03    9.15642e+03    1.06167e+04    5.07326e+02    3.89278e+03
     Coulomb-14        LJ (SR)   Coulomb (SR)   Coul. recip.      Potential
    4.19976e+04    6.60510e+04   -6.82149e+05    2.16714e+03   -5.44476e+05
    Kinetic En.   Total Energy  Conserved En.    Temperature Pressure (bar)
    1.09885e+05   -4.34591e+05   -4.36227e+05    3.14199e+02    1.10225e+02
   Constr. rmsd
    3.19210e-06

           Step           Time
          15000       30.00000

   Energies (kJ/mol)
           Bond          Angle    Proper Dih. Per. Imp. Dih.          LJ-14
    3.06834e+03    9.02830e+03    1.05345e+04    5.96727e+02    4.00269e+03
     Coulomb-14        LJ (SR)   Coulomb (SR)   Coul. recip.      Potential
    4.22375e+04    6.53916e+04   -6.82548e+05    2.19196e+03   -5.45497e+05
    Kinetic En.   Total Energy  Conserved En.    Temperature Pressure (bar)
    1.08237e+05   -4.37260e+05   -4.36145e+05    3.09486e+02    7.70840e+01
   Constr. rmsd
    3.19210e-06

           Step           Time
          20000       40.00000

   Energies (kJ/mol)
           Bond          Angle    Proper Dih. Per. Imp. Dih.          LJ-14
    3.39380e+03    8.81795e+03    1.05983e+04    5.06714e+02    4.00821e+03
     Coulomb-14        LJ (SR)   Coulomb (SR)   Coul. recip.      Potential
    4.22054e+04    6.55680e+04   -6.82569e+05    2.14167e+03   -5.45329e+05
    Kinetic En.   Total Energy  Conserved En.    Temperature Pressure (bar)
    1.08592e+05   -4.36737e+05   -4.36120e+05    3.10503e+02    1.09931e+01
   Constr. rmsd
    3.19210e-06

           Step           Time
          25000       50.00000

   Energies (kJ/mol)
           Bond          Angle    Proper Dih. Per. Imp. Dih.          LJ-14
    3.39091e+03    8.73415e+03    1.04945e+04    5.52400e+02    3.92505e+03
     Coulomb-14        LJ (SR)   Coulomb (SR)   Coul. recip.      Potential
    4.22537e+04    6.57286e+04   -6.83198e+05    2.16883e+03   -5.45950e+05
    Kinetic En.   Total Energy  Conserved En.    Temperature Pressure (bar)
    1.07335e+05   -4.38615e+05   -4.36102e+05    3.06907e+02   -5.19796e+01
   Constr. rmsd
    3.19210e-06

           Step           Time
          30000       60.00000

   Energies (kJ/mol)
           Bond          Angle    Proper Dih. Per. Imp. Dih.          LJ-14
    3.46028e+03    8.71397e+03    1.05623e+04    4.59288e+02    4.06459e+03
     Coulomb-14        LJ (SR)   Coulomb (SR)   Coul. recip.      Potential
    4.23105e+04    6.62493e+04   -6.82453e+05    2.17742e+03   -5.44455e+05
    Kinetic En.   Total Energy  Conserved En.    Temperature Pressure (bar)
    1.09100e+05   -4.35355e+05   -4.36065e+05    3.11955e+02    1.25060e+02
   Constr. rmsd
    3.19210e-06

           Step           Time
          35000       70.00000

   Energies (kJ/mol)
           Bond          Angle    Proper Dih. Per. Imp. Dih.          LJ-14
    3.31091e+03    8.61161e+03    1.04611e+04    5.62285e+02    3.98975e+03
     Coulomb-14        LJ (SR)   Coulomb (SR)   Coul. recip.      Potential
    4.22891e+04    6.64502e+04   -6.82562e+05    2.12418e+03   -5.44762e+05
    Kinetic En.   Total Energy  Conserved En.    Temperature Pressure (bar)
    1.08045e+05   -4.36718e+05   -4.36043e+05    3.08937e+02    1.88985e+02
   Constr. rmsd
    3.19210e-06

           Step           Time
          40000       80.00000

   Energies (kJ/mol)
           Bond          Angle    Proper Dih. Per. Imp. Dih.          LJ-14
    3.27204e+03    8.92501e+03    1.05351e+04    5.34922e+02    4.00190e+03
     Coulomb-14        LJ (SR)   Coulomb (SR)   Coul. recip.      Potential
    4.21629e+04    6.52568e+04   -6.80590e+05    2.18102e+03   -5.43720e+05
    Kinetic En.   Total Energy  Conserved En.    Temperature Pressure (bar)
    1.07716e+05   -4.36004e+05   -4.35990e+05    3.07997e+02    4.13757e+00
   Constr. rmsd
    3.19210e-06

           Step           Time
          45000       90.00000

   Energies (kJ/mol)
           Bond          Angle    Proper Dih. Per. Imp. Dih.          LJ-14
    3.22079e+03    8.95070e+03    1.06449e+04    5.51764e+02    4.04566e+03
     Coulomb-14        LJ (SR)   Coulomb (SR)   Coul. recip.      Potential
    4.21574e+04    6.58123e+04   -6.82920e+05    2.20834e+03   -5.45328e+05
    Kinetic En.   Total Energy  Conserved En.    Temperature Pressure (bar)
    1.08717e+05   -4.36612e+05   -4.35918e+05    3.10858e+02    1.34513e+02
   Constr. rmsd
    3.19210e-06

           Step           Time
          50000      100.00000

   Energies (kJ/mol)
           Bond          Angle    Proper Dih. Per. Imp. Dih.          LJ-14
    3.36960e+03    8.93197e+03    1.04580e+04    5.63345e+02    3.95028e+03
     Coulomb-14        LJ (SR)   Coulomb (SR)   Coul. recip.      Potential
    4.19427e+04    6.56774e+04   -6.81522e+05    2.19200e+03   -5.44437e+05
    Kinetic En.   Total Energy  Conserved En.    Temperature Pressure (bar)
    1.09649e+05   -4.34787e+05   -4.35912e+05    3.13524e+02    1.58630e+02
   Constr. rmsd
    3.19210e-06

           Step           Time
          55000      110.00000

   Energies (kJ/mol)
           Bond          Angle    Proper Dih. Per. Imp. Dih.          LJ-14
    3.43040e+03    9.03198e+03    1.06638e+04    5.88302e+02    3.96894e+03
     Coulomb-14        LJ (SR)   Coulomb (SR)   Coul. recip.      Potential
    4.22189e+04    6.65424e+04   -6.82911e+05    2.13322e+03   -5.44333e+05
    Kinetic En.   Total Energy  Conserved En.    Temperature Pressure (bar)
    1.10384e+05   -4.33950e+05   -4.35848e+05    3.15624e+02    1.67873e+02
   Constr. rmsd
    3.19210e-06

           Step           Time
          60000      120.00000

   Energies (kJ/mol)
           Bond          Angle    Proper Dih. Per. Imp. Dih.          LJ-14
    3.32481e+03    8.77780e+03    1.05132e+04    4.90978e+02    3.99095e+03
     Coulomb-14        LJ (SR)   Coulomb (SR)   Coul. recip.      Potential
    4.20408e+04    6.48767e+04   -6.82322e+05    2.15763e+03   -5.46149e+05
    Kinetic En.   Total Energy  Conserved En.    Temperature Pressure (bar)
    1.08707e+05   -4.37442e+05   -4.35839e+05    3.10831e+02   -8.57797e+01
   Constr. rmsd
    3.19210e-06

           Step           Time
          65000      130.00000

   Energies (kJ/mol)
           Bond          Angle    Proper Dih. Per. Imp. Dih.          LJ-14
    3.38997e+03    8.89489e+03    1.06555e+04    5.13948e+02    3.88282e+03
     Coulomb-14        LJ (SR)   Coulomb (SR)   Coul. recip.      Potential
    4.22277e+04    6.59711e+04   -6.82937e+05    2.14527e+03   -5.45256e+05
    Kinetic En.   Total Energy  Conserved En.    Temperature Pressure (bar)
    1.08603e+05   -4.36652e+05   -4.35779e+05    3.10533e+02   -5.82347e+01
   Constr. rmsd
    3.19210e-06

           Step           Time
          70000      140.00000

   Energies (kJ/mol)
           Bond          Angle    Proper Dih. Per. Imp. Dih.          LJ-14
    3.26698e+03    8.77918e+03    1.05963e+04    5.53057e+02    3.98740e+03
     Coulomb-14        LJ (SR)   Coulomb (SR)   Coul. recip.      Potential
    4.18880e+04    6.67169e+04   -6.84690e+05    2.09152e+03   -5.46810e+05
    Kinetic En.   Total Energy  Conserved En.    Temperature Pressure (bar)
    1.08994e+05   -4.37816e+05   -4.35799e+05    3.11650e+02    4.98131e+01
   Constr. rmsd
    3.19210e-06

           Step           Time
          75000      150.00000

   Energies (kJ/mol)
           Bond          Angle    Proper Dih. Per. Imp. Dih.          LJ-14
    3.51513e+03    8.79383e+03    1.05839e+04    5.22914e+02    4.01451e+03
     Coulomb-14        LJ (SR)   Coulomb (SR)   Coul. recip.      Potential
    4.20639e+04    6.54328e+04   -6.81385e+05    2.13425e+03   -5.44324e+05
    Kinetic En.   Total Energy  Conserved En.    Temperature Pressure (bar)
    1.08495e+05   -4.35828e+05   -4.35762e+05    3.10225e+02    6.24950e+00
   Constr. rmsd
    3.19210e-06

           Step           Time
          80000      160.00000

   Energies (kJ/mol)
           Bond          Angle    Proper Dih. Per. Imp. Dih.          LJ-14
    3.27136e+03    8.63229e+03    1.05876e+04    5.25356e+02    4.00058e+03
     Coulomb-14        LJ (SR)   Coulomb (SR)   Coul. recip.      Potential
    4.22321e+04    6.48116e+04   -6.80725e+05    2.25994e+03   -5.44405e+05
    Kinetic En.   Total Energy  Conserved En.    Temperature Pressure (bar)
    1.08577e+05   -4.35827e+05   -4.35738e+05    3.10459e+02   -8.28880e+01
   Constr. rmsd
    3.19210e-06

           Step           Time
          85000      170.00000

   Energies (kJ/mol)
           Bond          Angle    Proper Dih. Per. Imp. Dih.          LJ-14
    3.10771e+03    8.82732e+03    1.07431e+04    5.34209e+02    4.00353e+03
     Coulomb-14        LJ (SR)   Coulomb (SR)   Coul. recip.      Potential
    4.19147e+04    6.55904e+04   -6.82597e+05    2.07309e+03   -5.45803e+05
    Kinetic En.   Total Energy  Conserved En.    Temperature Pressure (bar)
    1.08652e+05   -4.37152e+05   -4.35690e+05    3.10672e+02    1.23893e+02
   Constr. rmsd
    3.19210e-06

           Step           Time
          90000      180.00000

   Energies (kJ/mol)
           Bond          Angle    Proper Dih. Per. Imp. Dih.          LJ-14
    3.16611e+03    8.78863e+03    1.05742e+04    5.36551e+02    3.97344e+03
     Coulomb-14        LJ (SR)   Coulomb (SR)   Coul. recip.      Potential
    4.18161e+04    6.57966e+04   -6.82448e+05    2.27254e+03   -5.45524e+05
    Kinetic En.   Total Energy  Conserved En.    Temperature Pressure (bar)
    1.07721e+05   -4.37804e+05   -4.35680e+05    3.08010e+02   -6.39823e+01
   Constr. rmsd
    3.19210e-06

           Step           Time
          95000      190.00000

   Energies (kJ/mol)
           Bond          Angle    Proper Dih. Per. Imp. Dih.          LJ-14
    3.19632e+03    8.71015e+03    1.06235e+04    5.27765e+02    3.99015e+03
     Coulomb-14        LJ (SR)   Coulomb (SR)   Coul. recip.      Potential
    4.21784e+04    6.57344e+04   -6.83042e+05    2.16756e+03   -5.45913e+05
    Kinetic En.   Total Energy  Conserved En.    Temperature Pressure (bar)
    1.07608e+05   -4.38306e+05   -4.35608e+05    3.07687e+02    4.35059e+01
   Constr. rmsd
    3.19210e-06

           Step           Time
         100000      200.00000

   Energies (kJ/mol)
           Bond          Angle    Proper Dih. Per. Imp. Dih.          LJ-14
    3.39933e+03    8.83318e+03    1.03950e+04    5.58400e+02    4.01114e+03
     Coulomb-14        LJ (SR)   Coulomb (SR)   Coul. recip.      Potential
    4.20712e+04    6.56662e+04   -6.82669e+05    2.18498e+03   -5.45549e+05
    Kinetic En.   Total Energy  Conserved En.    Temperature Pressure (bar)
    1.07837e+05   -4.37713e+05   -4.35594e+05    3.08341e+02   -9.53940e+01
   Constr. rmsd
    3.19210e-06

           Step           Time
         105000      210.00000

   Energies (kJ/mol)
           Bond          Angle    Proper Dih. Per. Imp. Dih.          LJ-14
    3.32285e+03    8.87338e+03    1.04277e+04    5.81583e+02    4.05392e+03
     Coulomb-14        LJ (SR)   Coulomb (SR)   Coul. recip.      Potential
    4.20961e+04    6.53804e+04   -6.82240e+05    2.16099e+03   -5.45343e+05
    Kinetic En.   Total Energy  Conserved En.    Temperature Pressure (bar)
    1.08197e+05   -4.37145e+05   -4.35536e+05    3.09373e+02    2.31377e+01
   Constr. rmsd
    3.19210e-06

           Step           Time
         110000      220.00000

   Energies (kJ/mol)
           Bond          Angle    Proper Dih. Per. Imp. Dih.          LJ-14
    3.40426e+03    8.95386e+03    1.05682e+04    5.43476e+02    4.00243e+03
     Coulomb-14        LJ (SR)   Coulomb (SR)   Coul. recip.      Potential
    4.18563e+04    6.37488e+04   -6.80194e+05    2.17461e+03   -5.44942e+05
    Kinetic En.   Total Energy  Conserved En.    Temperature Pressure (bar)
    1.09190e+05   -4.35752e+05   -4.35527e+05    3.12211e+02   -2.87548e+02
   Constr. rmsd
    3.19210e-06

           Step           Time
         115000      230.00000

   Energies (kJ/mol)
           Bond          Angle    Proper Dih. Per. Imp. Dih.          LJ-14
    3.19404e+03    8.78539e+03    1.04222e+04    5.30031e+02    3.99688e+03
     Coulomb-14        LJ (SR)   Coulomb (SR)   Coul. recip.      Potential
    4.20806e+04    6.55312e+04   -6.82359e+05    2.11828e+03   -5.45701e+05
    Kinetic En.   Total Energy  Conserved En.    Temperature Pressure (bar)
    1.07928e+05   -4.37773e+05   -4.35500e+05    3.08602e+02    7.89202e+01
   Constr. rmsd
    3.19210e-06

           Step           Time
         120000      240.00000

   Energies (kJ/mol)
           Bond          Angle    Proper Dih. Per. Imp. Dih.          LJ-14
    3.27905e+03    8.92808e+03    1.05124e+04    5.17966e+02    4.01651e+03
     Coulomb-14        LJ (SR)   Coulomb (SR)   Coul. recip.      Potential
    4.21260e+04    6.63513e+04   -6.82716e+05    2.19612e+03   -5.44788e+05
    Kinetic En.   Total Energy  Conserved En.    Temperature Pressure (bar)
    1.09133e+05   -4.35656e+05   -4.35446e+05    3.12047e+02    2.70064e+02
   Constr. rmsd
    3.19210e-06

           Step           Time
         125000      250.00000

   Energies (kJ/mol)
           Bond          Angle    Proper Dih. Per. Imp. Dih.          LJ-14
    3.18089e+03    8.71567e+03    1.06101e+04    5.21119e+02    4.04799e+03
     Coulomb-14        LJ (SR)   Coulomb (SR)   Coul. recip.      Potential
    4.21363e+04    6.54012e+04   -6.81533e+05    2.11712e+03   -5.44802e+05
    Kinetic En.   Total Energy  Conserved En.    Temperature Pressure (bar)
    1.08325e+05   -4.36478e+05   -4.35435e+05    3.09737e+02    1.44620e+02
   Constr. rmsd
    3.19210e-06

           Step           Time
         130000      260.00000

   Energies (kJ/mol)
           Bond          Angle    Proper Dih. Per. Imp. Dih.          LJ-14
    3.52924e+03    8.77593e+03    1.04826e+04    5.15895e+02    4.03689e+03
     Coulomb-14        LJ (SR)   Coulomb (SR)   Coul. recip.      Potential
    4.21325e+04    6.46728e+04   -6.80604e+05    2.24308e+03   -5.44215e+05
    Kinetic En.   Total Energy  Conserved En.    Temperature Pressure (bar)
    1.07233e+05   -4.36982e+05   -4.35353e+05    3.06616e+02   -1.02029e+01
   Constr. rmsd
    3.19210e-06

           Step           Time
         135000      270.00000

   Energies (kJ/mol)
           Bond          Angle    Proper Dih. Per. Imp. Dih.          LJ-14
    3.36890e+03    8.81002e+03    1.04645e+04    5.45562e+02    3.95097e+03
     Coulomb-14        LJ (SR)   Coulomb (SR)   Coul. recip.      Potential
    4.20370e+04    6.50976e+04   -6.81311e+05    2.16618e+03   -5.44871e+05
    Kinetic En.   Total Energy  Conserved En.    Temperature Pressure (bar)
    1.08907e+05   -4.35964e+05   -4.35352e+05    3.11401e+02   -1.51288e+02
   Constr. rmsd
    3.19210e-06

           Step           Time
         140000      280.00000

   Energies (kJ/mol)
           Bond          Angle    Proper Dih. Per. Imp. Dih.          LJ-14
    3.26866e+03    9.07910e+03    1.06035e+04    5.54785e+02    4.04479e+03
     Coulomb-14        LJ (SR)   Coulomb (SR)   Coul. recip.      Potential
    4.21385e+04    6.53672e+04   -6.82039e+05    2.22835e+03   -5.44754e+05
    Kinetic En.   Total Energy  Conserved En.    Temperature Pressure (bar)
    1.09226e+05   -4.35528e+05   -4.35287e+05    3.12313e+02    1.87639e+01
   Constr. rmsd
    3.19210e-06

           Step           Time
         145000      290.00000

   Energies (kJ/mol)
           Bond          Angle    Proper Dih. Per. Imp. Dih.          LJ-14
    3.31882e+03    8.96232e+03    1.05075e+04    5.19382e+02    3.96018e+03
     Coulomb-14        LJ (SR)   Coulomb (SR)   Coul. recip.      Potential
    4.18595e+04    6.53567e+04   -6.82479e+05    2.12014e+03   -5.45874e+05
    Kinetic En.   Total Energy  Conserved En.    Temperature Pressure (bar)
    1.08808e+05   -4.37067e+05   -4.35270e+05    3.11118e+02   -2.01885e+02
   Constr. rmsd
    3.19210e-06

           Step           Time
         150000      300.00000

   Energies (kJ/mol)
           Bond          Angle    Proper Dih. Per. Imp. Dih.          LJ-14
    3.30921e+03    8.86795e+03    1.05245e+04    5.27504e+02    3.96646e+03
     Coulomb-14        LJ (SR)   Coulomb (SR)   Coul. recip.      Potential
    4.22111e+04    6.56178e+04   -6.82689e+05    2.19397e+03   -5.45471e+05
    Kinetic En.   Total Energy  Conserved En.    Temperature Pressure (bar)
    1.08188e+05   -4.37283e+05   -4.35223e+05    3.09346e+02   -3.99722e+01
   Constr. rmsd
    3.19210e-06

           Step           Time
         155000      310.00000

   Energies (kJ/mol)
           Bond          Angle    Proper Dih. Per. Imp. Dih.          LJ-14
    3.19943e+03    8.81698e+03    1.05804e+04    5.48565e+02    4.02462e+03
     Coulomb-14        LJ (SR)   Coulomb (SR)   Coul. recip.      Potential
    4.22635e+04    6.48710e+04   -6.81626e+05    2.15051e+03   -5.45171e+05
    Kinetic En.   Total Energy  Conserved En.    Temperature Pressure (bar)
    1.08495e+05   -4.36676e+05   -4.35202e+05    3.10224e+02   -3.02644e+00
   Constr. rmsd
    3.19210e-06

           Step           Time
         160000      320.00000

   Energies (kJ/mol)
           Bond          Angle    Proper Dih. Per. Imp. Dih.          LJ-14
    3.36811e+03    9.19588e+03    1.04905e+04    5.17158e+02    3.99388e+03
     Coulomb-14        LJ (SR)   Coulomb (SR)   Coul. recip.      Potential
    4.22587e+04    6.61667e+04   -6.82876e+05    2.15052e+03   -5.44735e+05
    Kinetic En.   Total Energy  Conserved En.    Temperature Pressure (bar)
    1.09296e+05   -4.35439e+05   -4.35154e+05    3.12515e+02    1.45532e+02
   Constr. rmsd
    3.19210e-06

           Step           Time
         165000      330.00000

   Energies (kJ/mol)
           Bond          Angle    Proper Dih. Per. Imp. Dih.          LJ-14
    3.35069e+03    8.76316e+03    1.05963e+04    5.08225e+02    3.99343e+03
     Coulomb-14        LJ (SR)   Coulomb (SR)   Coul. recip.      Potential
    4.21144e+04    6.48107e+04   -6.81345e+05    2.24331e+03   -5.44965e+05
    Kinetic En.   Total Energy  Conserved En.    Temperature Pressure (bar)
    1.09508e+05   -4.35457e+05   -4.35144e+05    3.13120e+02   -2.25714e+01
   Constr. rmsd
    3.19210e-06

           Step           Time
         170000      340.00000

   Energies (kJ/mol)
           Bond          Angle    Proper Dih. Per. Imp. Dih.          LJ-14
    3.40072e+03    9.00893e+03    1.05995e+04    5.59220e+02    3.98509e+03
     Coulomb-14        LJ (SR)   Coulomb (SR)   Coul. recip.      Potential
    4.22219e+04    6.64381e+04   -6.82843e+05    2.17818e+03   -5.44451e+05
    Kinetic En.   Total Energy  Conserved En.    Temperature Pressure (bar)
    1.09042e+05   -4.35409e+05   -4.35059e+05    3.11787e+02    8.29625e+01
   Constr. rmsd
    3.19210e-06

           Step           Time
         175000      350.00000

   Energies (kJ/mol)
           Bond          Angle    Proper Dih. Per. Imp. Dih.          LJ-14
    3.37191e+03    9.05293e+03    1.03979e+04    5.09864e+02    4.03140e+03
     Coulomb-14        LJ (SR)   Coulomb (SR)   Coul. recip.      Potential
    4.22410e+04    6.62005e+04   -6.83109e+05    2.16048e+03   -5.45143e+05
    Kinetic En.   Total Energy  Conserved En.    Temperature Pressure (bar)
    1.07872e+05   -4.37271e+05   -4.35020e+05    3.08444e+02    1.33768e+02
   Constr. rmsd
    3.19210e-06

           Step           Time
         180000      360.00000

   Energies (kJ/mol)
           Bond          Angle    Proper Dih. Per. Imp. Dih.          LJ-14
    3.39390e+03    8.91327e+03    1.06011e+04    5.37081e+02    4.01084e+03
     Coulomb-14        LJ (SR)   Coulomb (SR)   Coul. recip.      Potential
    4.23087e+04    6.60614e+04   -6.83126e+05    2.08261e+03   -5.45217e+05
    Kinetic En.   Total Energy  Conserved En.    Temperature Pressure (bar)
    1.08701e+05   -4.36516e+05   -4.34983e+05    3.10813e+02   -1.28512e+02
   Constr. rmsd
    3.19210e-06

           Step           Time
         185000      370.00000

   Energies (kJ/mol)
           Bond          Angle    Proper Dih. Per. Imp. Dih.          LJ-14
    3.52795e+03    8.84959e+03    1.05159e+04    4.95597e+02    4.03398e+03
     Coulomb-14        LJ (SR)   Coulomb (SR)   Coul. recip.      Potential
    4.18610e+04    6.65450e+04   -6.83233e+05    2.13007e+03   -5.45274e+05
    Kinetic En.   Total Energy  Conserved En.    Temperature Pressure (bar)
    1.09106e+05   -4.36168e+05   -4.34975e+05    3.11971e+02    1.06578e+02
   Constr. rmsd
    3.19210e-06

           Step           Time
         190000      380.00000

   Energies (kJ/mol)
           Bond          Angle    Proper Dih. Per. Imp. Dih.          LJ-14
    3.40180e+03    8.70678e+03    1.05484e+04    6.18558e+02    4.04211e+03
     Coulomb-14        LJ (SR)   Coulomb (SR)   Coul. recip.      Potential
    4.22925e+04    6.53409e+04   -6.81499e+05    2.18284e+03   -5.44365e+05
    Kinetic En.   Total Energy  Conserved En.    Temperature Pressure (bar)
    1.08109e+05   -4.36256e+05   -4.34967e+05    3.09120e+02    7.68318e+00
   Constr. rmsd
    3.19210e-06

           Step           Time
         195000      390.00000

   Energies (kJ/mol)
           Bond          Angle    Proper Dih. Per. Imp. Dih.          LJ-14
    3.19329e+03    8.78151e+03    1.05730e+04    5.45453e+02    4.07042e+03
     Coulomb-14        LJ (SR)   Coulomb (SR)   Coul. recip.      Potential
    4.21197e+04    6.52136e+04   -6.83279e+05    2.15398e+03   -5.46628e+05
    Kinetic En.   Total Energy  Conserved En.    Temperature Pressure (bar)
    1.08261e+05   -4.38367e+05   -4.34923e+05    3.09554e+02   -8.17161e+01
   Constr. rmsd
    3.19210e-06

           Step           Time
         200000      400.00000

   Energies (kJ/mol)
           Bond          Angle    Proper Dih. Per. Imp. Dih.          LJ-14
    3.22400e+03    9.00665e+03    1.04956e+04    5.66417e+02    3.94571e+03
     Coulomb-14        LJ (SR)   Coulomb (SR)   Coul. recip.      Potential
    4.22112e+04    6.52073e+04   -6.82758e+05    2.18046e+03   -5.45921e+05
    Kinetic En.   Total Energy  Conserved En.    Temperature Pressure (bar)
    1.08648e+05   -4.37272e+05   -4.34903e+05    3.10662e+02   -8.22118e+01
   Constr. rmsd
    3.19210e-06

           Step           Time
         205000      410.00000

   Energies (kJ/mol)
           Bond          Angle    Proper Dih. Per. Imp. Dih.          LJ-14
    3.44517e+03    8.62397e+03    1.05556e+04    5.46896e+02    4.01099e+03
     Coulomb-14        LJ (SR)   Coulomb (SR)   Coul. recip.      Potential
    4.22749e+04    6.72361e+04   -6.84237e+05    2.16219e+03   -5.45381e+05
    Kinetic En.   Total Energy  Conserved En.    Temperature Pressure (bar)
    1.08680e+05   -4.36701e+05   -4.34856e+05    3.10752e+02    1.37544e+02
   Constr. rmsd
    3.19210e-06

           Step           Time
         210000      420.00000

   Energies (kJ/mol)
           Bond          Angle    Proper Dih. Per. Imp. Dih.          LJ-14
    3.31712e+03    9.01546e+03    1.06385e+04    5.34430e+02    4.01927e+03
     Coulomb-14        LJ (SR)   Coulomb (SR)   Coul. recip.      Potential
    4.21282e+04    6.43797e+04   -6.80931e+05    2.13999e+03   -5.44759e+05
    Kinetic En.   Total Energy  Conserved En.    Temperature Pressure (bar)
    1.08513e+05   -4.36245e+05   -4.34806e+05    3.10276e+02   -2.72076e+02
   Constr. rmsd
    3.19210e-06

           Step           Time
         215000      430.00000

   Energies (kJ/mol)
           Bond          Angle    Proper Dih. Per. Imp. Dih.          LJ-14
    3.46618e+03    9.27199e+03    1.06921e+04    4.97963e+02    3.93261e+03
     Coulomb-14        LJ (SR)   Coulomb (SR)   Coul. recip.      Potential
    4.20072e+04    6.55038e+04   -6.82413e+05    2.19123e+03   -5.44850e+05
    Kinetic En.   Total Energy  Conserved En.    Temperature Pressure (bar)
    1.09050e+05   -4.35800e+05   -4.34756e+05    3.11811e+02   -1.21705e+01
   Constr. rmsd
    3.19210e-06

           Step           Time
         220000      440.00000

   Energies (kJ/mol)
           Bond          Angle    Proper Dih. Per. Imp. Dih.          LJ-14
    3.23147e+03    8.90435e+03    1.06196e+04    4.90938e+02    3.96215e+03
     Coulomb-14        LJ (SR)   Coulomb (SR)   Coul. recip.      Potential
    4.22363e+04    6.52728e+04   -6.82569e+05    2.10965e+03   -5.45742e+05
    Kinetic En.   Total Energy  Conserved En.    Temperature Pressure (bar)
    1.09090e+05   -4.36652e+05   -4.34765e+05    3.11925e+02    2.09864e+01
   Constr. rmsd
    3.19210e-06

           Step           Time
         225000      450.00000

   Energies (kJ/mol)
           Bond          Angle    Proper Dih. Per. Imp. Dih.          LJ-14
    3.28069e+03    8.88823e+03    1.06577e+04    5.18194e+02    3.88288e+03
     Coulomb-14        LJ (SR)   Coulomb (SR)   Coul. recip.      Potential
    4.22920e+04    6.52893e+04   -6.83126e+05    2.11028e+03   -5.46207e+05
    Kinetic En.   Total Energy  Conserved En.    Temperature Pressure (bar)
    1.07825e+05   -4.38382e+05   -4.34710e+05    3.08308e+02   -1.21272e+02
   Constr. rmsd
    3.19210e-06

           Step           Time
         230000      460.00000

   Energies (kJ/mol)
           Bond          Angle    Proper Dih. Per. Imp. Dih.          LJ-14
    3.33792e+03    8.82049e+03    1.07516e+04    5.16882e+02    4.04531e+03
     Coulomb-14        LJ (SR)   Coulomb (SR)   Coul. recip.      Potential
    4.24855e+04    6.48195e+04   -6.81681e+05    2.14041e+03   -5.44764e+05
    Kinetic En.   Total Energy  Conserved En.    Temperature Pressure (bar)
    1.07836e+05   -4.36928e+05   -4.34684e+05    3.08340e+02    4.08257e+01
   Constr. rmsd
    3.19210e-06

           Step           Time
         235000      470.00000

   Energies (kJ/mol)
           Bond          Angle    Proper Dih. Per. Imp. Dih.          LJ-14
    3.34912e+03    8.86592e+03    1.06951e+04    5.75147e+02    4.02594e+03
     Coulomb-14        LJ (SR)   Coulomb (SR)   Coul. recip.      Potential
    4.25415e+04    6.66399e+04   -6.83517e+05    2.23085e+03   -5.44594e+05
    Kinetic En.   Total Energy  Conserved En.    Temperature Pressure (bar)
    1.08142e+05   -4.36452e+05   -4.34625e+05    3.09215e+02    1.27650e+02
   Constr. rmsd
    3.19210e-06

           Step           Time
         240000      480.00000

   Energies (kJ/mol)
           Bond          Angle    Proper Dih. Per. Imp. Dih.          LJ-14
    3.44362e+03    9.07621e+03    1.05721e+04    5.71222e+02    3.95964e+03
     Coulomb-14        LJ (SR)   Coulomb (SR)   Coul. recip.      Potential
    4.24204e+04    6.57991e+04   -6.83846e+05    2.08750e+03   -5.45917e+05
    Kinetic En.   Total Energy  Conserved En.    Temperature Pressure (bar)
    1.08263e+05   -4.37653e+05   -4.34614e+05    3.09561e+02   -1.14135e+02
   Constr. rmsd
    3.19210e-06

           Step           Time
         245000      490.00000

   Energies (kJ/mol)
           Bond          Angle    Proper Dih. Per. Imp. Dih.          LJ-14
    3.29064e+03    8.85104e+03    1.06679e+04    5.03212e+02    3.93663e+03
     Coulomb-14        LJ (SR)   Coulomb (SR)   Coul. recip.      Potential
    4.25595e+04    6.65794e+04   -6.84252e+05    2.20686e+03   -5.45657e+05
    Kinetic En.   Total Energy  Conserved En.    Temperature Pressure (bar)
    1.08861e+05   -4.36796e+05   -4.34590e+05    3.11269e+02    9.95085e+01
   Constr. rmsd
    3.19210e-06

           Step           Time
         250000      500.00000

   Energies (kJ/mol)
           Bond          Angle    Proper Dih. Per. Imp. Dih.          LJ-14
    3.33073e+03    8.51941e+03    1.07062e+04    5.10694e+02    3.99804e+03
     Coulomb-14        LJ (SR)   Coulomb (SR)   Coul. recip.      Potential
    4.24366e+04    6.62686e+04   -6.83766e+05    2.22156e+03   -5.45774e+05
    Kinetic En.   Total Energy  Conserved En.    Temperature Pressure (bar)
    1.08620e+05   -4.37153e+05   -4.34590e+05    3.10582e+02    8.91621e+01
   Constr. rmsd
    3.19210e-06

           Step           Time
         255000      510.00000

   Energies (kJ/mol)
           Bond          Angle    Proper Dih. Per. Imp. Dih.          LJ-14
    3.26922e+03    8.67837e+03    1.06132e+04    5.32420e+02    3.95458e+03
     Coulomb-14        LJ (SR)   Coulomb (SR)   Coul. recip.      Potential
    4.23957e+04    6.51261e+04   -6.84230e+05    2.05024e+03   -5.47610e+05
    Kinetic En.   Total Energy  Conserved En.    Temperature Pressure (bar)
    1.08080e+05   -4.39530e+05   -4.34539e+05    3.09037e+02   -1.11003e+02
   Constr. rmsd
    3.19210e-06

           Step           Time
         260000      520.00000

   Energies (kJ/mol)
           Bond          Angle    Proper Dih. Per. Imp. Dih.          LJ-14
    3.30378e+03    8.88549e+03    1.05354e+04    5.28144e+02    4.00070e+03
     Coulomb-14        LJ (SR)   Coulomb (SR)   Coul. recip.      Potential
    4.26927e+04    6.56323e+04   -6.82756e+05    2.16662e+03   -5.45011e+05
    Kinetic En.   Total Energy  Conserved En.    Temperature Pressure (bar)
    1.07660e+05   -4.37351e+05   -4.34474e+05    3.07836e+02   -6.79317e+01
   Constr. rmsd
    3.19210e-06

           Step           Time
         265000      530.00000

   Energies (kJ/mol)
           Bond          Angle    Proper Dih. Per. Imp. Dih.          LJ-14
    3.52333e+03    8.69338e+03    1.06175e+04    5.22698e+02    3.99844e+03
     Coulomb-14        LJ (SR)   Coulomb (SR)   Coul. recip.      Potential
    4.24408e+04    6.59723e+04   -6.83497e+05    2.13115e+03   -5.45598e+05
    Kinetic En.   Total Energy  Conserved En.    Temperature Pressure (bar)
    1.09964e+05   -4.35634e+05   -4.34483e+05    3.14424e+02    2.59290e+01
   Constr. rmsd
    3.19210e-06

           Step           Time
         270000      540.00000

   Energies (kJ/mol)
           Bond          Angle    Proper Dih. Per. Imp. Dih.          LJ-14
    3.13252e+03    8.82531e+03    1.06017e+04    5.29849e+02    4.04287e+03
     Coulomb-14        LJ (SR)   Coulomb (SR)   Coul. recip.      Potential
    4.26002e+04    6.64219e+04   -6.83630e+05    2.15931e+03   -5.45316e+05
    Kinetic En.   Total Energy  Conserved En.    Temperature Pressure (bar)
    1.08475e+05   -4.36841e+05   -4.34418e+05    3.10167e+02    8.36926e+01
   Constr. rmsd
    3.19210e-06

           Step           Time
         275000      550.00000

   Energies (kJ/mol)
           Bond          Angle    Proper Dih. Per. Imp. Dih.          LJ-14
    3.21490e+03    8.89304e+03    1.06116e+04    5.29261e+02    3.99494e+03
     Coulomb-14        LJ (SR)   Coulomb (SR)   Coul. recip.      Potential
    4.26351e+04    6.60729e+04   -6.83195e+05    2.09149e+03   -5.45152e+05
    Kinetic En.   Total Energy  Conserved En.    Temperature Pressure (bar)
    1.09831e+05   -4.35321e+05   -4.34371e+05    3.14044e+02    1.16425e+02
   Constr. rmsd
    3.19210e-06

           Step           Time
         280000      560.00000

   Energies (kJ/mol)
           Bond          Angle    Proper Dih. Per. Imp. Dih.          LJ-14
    3.10436e+03    8.85608e+03    1.06271e+04    5.30982e+02    4.08402e+03
     Coulomb-14        LJ (SR)   Coulomb (SR)   Coul. recip.      Potential
    4.26647e+04    6.62128e+04   -6.82624e+05    2.13571e+03   -5.44409e+05
    Kinetic En.   Total Energy  Conserved En.    Temperature Pressure (bar)
    1.09297e+05   -4.35112e+05   -4.34368e+05    3.12517e+02    1.33127e+02
   Constr. rmsd
    3.19210e-06

           Step           Time
         285000      570.00000

   Energies (kJ/mol)
           Bond          Angle    Proper Dih. Per. Imp. Dih.          LJ-14
    3.27354e+03    8.73579e+03    1.06288e+04    5.35953e+02    4.03500e+03
     Coulomb-14        LJ (SR)   Coulomb (SR)   Coul. recip.      Potential
    4.23793e+04    6.63187e+04   -6.84368e+05    2.14194e+03   -5.46319e+05
    Kinetic En.   Total Energy  Conserved En.    Temperature Pressure (bar)
    1.07833e+05   -4.38487e+05   -4.34296e+05    3.08330e+02    1.06263e+02
   Constr. rmsd
    3.19210e-06

           Step           Time
         290000      580.00000

   Energies (kJ/mol)
           Bond          Angle    Proper Dih. Per. Imp. Dih.          LJ-14
    3.27765e+03    8.63095e+03    1.07388e+04    5.21926e+02    4.06458e+03
     Coulomb-14        LJ (SR)   Coulomb (SR)   Coul. recip.      Potential
    4.27664e+04    6.56400e+04   -6.84834e+05    2.09757e+03   -5.47096e+05
    Kinetic En.   Total Energy  Conserved En.    Temperature Pressure (bar)
    1.09371e+05   -4.37725e+05   -4.34282e+05    3.12730e+02    9.71048e+01
   Constr. rmsd
    3.19210e-06

           Step           Time
         295000      590.00000

   Energies (kJ/mol)
           Bond          Angle    Proper Dih. Per. Imp. Dih.          LJ-14
    3.28915e+03    9.06283e+03    1.03745e+04    5.31268e+02    3.95098e+03
     Coulomb-14        LJ (SR)   Coulomb (SR)   Coul. recip.      Potential
    4.22684e+04    6.63988e+04   -6.83309e+05    2.15587e+03   -5.45277e+05
    Kinetic En.   Total Energy  Conserved En.    Temperature Pressure (bar)
    1.08034e+05   -4.37243e+05   -4.34234e+05    3.08907e+02    1.18055e+02
   Constr. rmsd
    3.19210e-06

           Step           Time
         300000      600.00000

   Energies (kJ/mol)
           Bond          Angle    Proper Dih. Per. Imp. Dih.          LJ-14
    3.30989e+03    8.74627e+03    1.05705e+04    4.97399e+02    3.96725e+03
     Coulomb-14        LJ (SR)   Coulomb (SR)   Coul. recip.      Potential
    4.24128e+04    6.59780e+04   -6.83074e+05    2.15186e+03   -5.45440e+05
    Kinetic En.   Total Energy  Conserved En.    Temperature Pressure (bar)
    1.08040e+05   -4.37401e+05   -4.34223e+05    3.08922e+02    4.91645e+01
   Constr. rmsd
    3.19210e-06

           Step           Time
         305000      610.00000

   Energies (kJ/mol)
           Bond          Angle    Proper Dih. Per. Imp. Dih.          LJ-14
    3.39210e+03    8.62648e+03    1.08574e+04    5.10807e+02    4.04394e+03
     Coulomb-14        LJ (SR)   Coulomb (SR)   Coul. recip.      Potential
    4.24552e+04    6.60829e+04   -6.84267e+05    2.14638e+03   -5.46152e+05
    Kinetic En.   Total Energy  Conserved En.    Temperature Pressure (bar)
    1.07847e+05   -4.38305e+05   -4.34192e+05    3.08372e+02    9.42182e+01
   Constr. rmsd
    3.19210e-06

           Step           Time
         310000      620.00000

   Energies (kJ/mol)
           Bond          Angle    Proper Dih. Per. Imp. Dih.          LJ-14
    3.27647e+03    8.95552e+03    1.05022e+04    4.98199e+02    3.99345e+03
     Coulomb-14        LJ (SR)   Coulomb (SR)   Coul. recip.      Potential
    4.23956e+04    6.67302e+04   -6.84786e+05    2.19757e+03   -5.46237e+05
    Kinetic En.   Total Energy  Conserved En.    Temperature Pressure (bar)
    1.08678e+05   -4.37559e+05   -4.34109e+05    3.10748e+02    1.04043e+02
   Constr. rmsd
    3.19210e-06

           Step           Time
         315000      630.00000

   Energies (kJ/mol)
           Bond          Angle    Proper Dih. Per. Imp. Dih.          LJ-14
    3.34755e+03    8.87820e+03    1.06727e+04    5.26613e+02    3.93667e+03
     Coulomb-14        LJ (SR)   Coulomb (SR)   Coul. recip.      Potential
    4.24390e+04    6.63455e+04   -6.84311e+05    2.16691e+03   -5.45998e+05
    Kinetic En.   Total Energy  Conserved En.    Temperature Pressure (bar)
    1.08417e+05   -4.37581e+05   -4.34082e+05    3.10001e+02    5.81769e+01
   Constr. rmsd
    3.19210e-06

           Step           Time
         320000      640.00000

   Energies (kJ/mol)
           Bond          Angle    Proper Dih. Per. Imp. Dih.          LJ-14
    3.29972e+03    8.85929e+03    1.05770e+04    5.25462e+02    4.02559e+03
     Coulomb-14        LJ (SR)   Coulomb (SR)   Coul. recip.      Potential
    4.26396e+04    6.50317e+04   -6.82472e+05    2.21999e+03   -5.45294e+05
    Kinetic En.   Total Energy  Conserved En.    Temperature Pressure (bar)
    1.09384e+05   -4.35910e+05   -4.34042e+05    3.12767e+02    5.73644e+01
   Constr. rmsd
    3.19210e-06

           Step           Time
         325000      650.00000

   Energies (kJ/mol)
           Bond          Angle    Proper Dih. Per. Imp. Dih.          LJ-14
    3.35743e+03    8.81789e+03    1.07165e+04    5.58215e+02    3.98907e+03
     Coulomb-14        LJ (SR)   Coulomb (SR)   Coul. recip.      Potential
    4.23737e+04    6.56309e+04   -6.82578e+05    2.17981e+03   -5.44955e+05
    Kinetic En.   Total Energy  Conserved En.    Temperature Pressure (bar)
    1.08813e+05   -4.36142e+05   -4.34016e+05    3.11133e+02    9.09166e+01
   Constr. rmsd
    3.19210e-06

           Step           Time
         330000      660.00000

   Energies (kJ/mol)
           Bond          Angle    Proper Dih. Per. Imp. Dih.          LJ-14
    3.37657e+03    8.74230e+03    1.06662e+04    5.10147e+02    4.00928e+03
     Coulomb-14        LJ (SR)   Coulomb (SR)   Coul. recip.      Potential
    4.23482e+04    6.52342e+04   -6.82776e+05    2.06765e+03   -5.45821e+05
    Kinetic En.   Total Energy  Conserved En.    Temperature Pressure (bar)
    1.08404e+05   -4.37417e+05   -4.34009e+05    3.09964e+02   -4.43965e+00
   Constr. rmsd
    3.19210e-06

           Step           Time
         335000      670.00000

   Energies (kJ/mol)
           Bond          Angle    Proper Dih. Per. Imp. Dih.          LJ-14
    3.22217e+03    8.76256e+03    1.05841e+04    5.66333e+02    4.01135e+03
     Coulomb-14        LJ (SR)   Coulomb (SR)   Coul. recip.      Potential
    4.23541e+04    6.60294e+04   -6.83499e+05    2.19067e+03   -5.45778e+05
    Kinetic En.   Total Energy  Conserved En.    Temperature Pressure (bar)
    1.08676e+05   -4.37103e+05   -4.33956e+05    3.10741e+02    9.61235e+01
   Constr. rmsd
    3.19210e-06

           Step           Time
         340000      680.00000

   Energies (kJ/mol)
           Bond          Angle    Proper Dih. Per. Imp. Dih.          LJ-14
    3.41008e+03    9.04372e+03    1.06420e+04    5.11139e+02    3.99461e+03
     Coulomb-14        LJ (SR)   Coulomb (SR)   Coul. recip.      Potential
    4.21398e+04    6.67078e+04   -6.84100e+05    2.16928e+03   -5.45481e+05
    Kinetic En.   Total Energy  Conserved En.    Temperature Pressure (bar)
    1.09228e+05   -4.36253e+05   -4.33912e+05    3.12320e+02    1.53402e+02
   Constr. rmsd
    3.19210e-06

           Step           Time
         345000      690.00000

   Energies (kJ/mol)
           Bond          Angle    Proper Dih. Per. Imp. Dih.          LJ-14
    3.22632e+03    9.26106e+03    1.06941e+04    4.81095e+02    4.08268e+03
     Coulomb-14        LJ (SR)   Coulomb (SR)   Coul. recip.      Potential
    4.24172e+04    6.61737e+04   -6.82083e+05    2.16780e+03   -5.43579e+05
    Kinetic En.   Total Energy  Conserved En.    Temperature Pressure (bar)
    1.09579e+05   -4.34000e+05   -4.33861e+05    3.13324e+02    2.41962e+02
   Constr. rmsd
    3.19210e-06

           Step           Time
         350000      700.00000

   Energies (kJ/mol)
           Bond          Angle    Proper Dih. Per. Imp. Dih.          LJ-14
    3.33405e+03    8.66848e+03    1.05395e+04    5.53429e+02    4.02722e+03
     Coulomb-14        LJ (SR)   Coulomb (SR)   Coul. recip.      Potential
    4.24403e+04    6.58366e+04   -6.82406e+05    2.17992e+03   -5.44826e+05
    Kinetic En.   Total Energy  Conserved En.    Temperature Pressure (bar)
    1.08892e+05   -4.35934e+05   -4.33852e+05    3.11359e+02    6.03534e+01
   Constr. rmsd
    3.19210e-06

           Step           Time
         355000      710.00000

   Energies (kJ/mol)
           Bond          Angle    Proper Dih. Per. Imp. Dih.          LJ-14
    3.38287e+03    8.70871e+03    1.07019e+04    4.96395e+02    4.01778e+03
     Coulomb-14        LJ (SR)   Coulomb (SR)   Coul. recip.      Potential
    4.26516e+04    6.50430e+04   -6.81362e+05    2.11619e+03   -5.44244e+05
    Kinetic En.   Total Energy  Conserved En.    Temperature Pressure (bar)
    1.09175e+05   -4.35069e+05   -4.33799e+05    3.12169e+02   -1.10550e+01
   Constr. rmsd
    3.19210e-06

           Step           Time
         360000      720.00000

   Energies (kJ/mol)
           Bond          Angle    Proper Dih. Per. Imp. Dih.          LJ-14
    3.26296e+03    8.91411e+03    1.06744e+04    5.01960e+02    3.94474e+03
     Coulomb-14        LJ (SR)   Coulomb (SR)   Coul. recip.      Potential
    4.23773e+04    6.55198e+04   -6.82705e+05    2.15593e+03   -5.45354e+05
    Kinetic En.   Total Energy  Conserved En.    Temperature Pressure (bar)
    1.09042e+05   -4.36312e+05   -4.33768e+05    3.11788e+02   -1.03938e+01
   Constr. rmsd
    3.19210e-06

           Step           Time
         365000      730.00000

   Energies (kJ/mol)
           Bond          Angle    Proper Dih. Per. Imp. Dih.          LJ-14
    3.49996e+03    8.81993e+03    1.07256e+04    5.94009e+02    4.01672e+03
     Coulomb-14        LJ (SR)   Coulomb (SR)   Coul. recip.      Potential
    4.25065e+04    6.47469e+04   -6.81560e+05    2.31784e+03   -5.44332e+05
    Kinetic En.   Total Energy  Conserved En.    Temperature Pressure (bar)
    1.08836e+05   -4.35496e+05   -4.33677e+05    3.11200e+02   -6.09089e+01
   Constr. rmsd
    3.19210e-06

           Step           Time
         370000      740.00000

   Energies (kJ/mol)
           Bond          Angle    Proper Dih. Per. Imp. Dih.          LJ-14
    3.16379e+03    8.91244e+03    1.07343e+04    5.70523e+02    4.01715e+03
     Coulomb-14        LJ (SR)   Coulomb (SR)   Coul. recip.      Potential
    4.25708e+04    6.47050e+04   -6.81141e+05    2.20388e+03   -5.44263e+05
    Kinetic En.   Total Energy  Conserved En.    Temperature Pressure (bar)
    1.08121e+05   -4.36142e+05   -4.33670e+05    3.09155e+02   -2.09351e+01
   Constr. rmsd
    3.19210e-06

           Step           Time
         375000      750.00000

   Energies (kJ/mol)
           Bond          Angle    Proper Dih. Per. Imp. Dih.          LJ-14
    3.42859e+03    8.78413e+03    1.06659e+04    5.51837e+02    4.01010e+03
     Coulomb-14        LJ (SR)   Coulomb (SR)   Coul. recip.      Potential
    4.26616e+04    6.49042e+04   -6.82346e+05    2.21147e+03   -5.45128e+05
    Kinetic En.   Total Energy  Conserved En.    Temperature Pressure (bar)
    1.07947e+05   -4.37181e+05   -4.33622e+05    3.08658e+02   -1.42764e+02
   Constr. rmsd
    3.19210e-06

           Step           Time
         380000      760.00000

   Energies (kJ/mol)
           Bond          Angle    Proper Dih. Per. Imp. Dih.          LJ-14
    3.37448e+03    8.86806e+03    1.08011e+04    5.26370e+02    3.95952e+03
     Coulomb-14        LJ (SR)   Coulomb (SR)   Coul. recip.      Potential
    4.26434e+04    6.57714e+04   -6.83238e+05    2.15435e+03   -5.45139e+05
    Kinetic En.   Total Energy  Conserved En.    Temperature Pressure (bar)
    1.08822e+05   -4.36317e+05   -4.33604e+05    3.11159e+02   -6.39435e+01
   Constr. rmsd
    3.19210e-06

           Step           Time
         385000      770.00000

   Energies (kJ/mol)
           Bond          Angle    Proper Dih. Per. Imp. Dih.          LJ-14
    3.34340e+03    8.85132e+03    1.06775e+04    5.15230e+02    3.93117e+03
     Coulomb-14        LJ (SR)   Coulomb (SR)   Coul. recip.      Potential
    4.22284e+04    6.63044e+04   -6.83235e+05    2.22101e+03   -5.45162e+05
    Kinetic En.   Total Energy  Conserved En.    Temperature Pressure (bar)
    1.07781e+05   -4.37381e+05   -4.33579e+05    3.08183e+02    7.52224e+01
   Constr. rmsd
    3.19210e-06

           Step           Time
         390000      780.00000

   Energies (kJ/mol)
           Bond          Angle    Proper Dih. Per. Imp. Dih.          LJ-14
    3.18570e+03    8.75456e+03    1.07158e+04    5.08841e+02    3.96982e+03
     Coulomb-14        LJ (SR)   Coulomb (SR)   Coul. recip.      Potential
    4.25082e+04    6.61315e+04   -6.83999e+05    2.11131e+03   -5.46114e+05
    Kinetic En.   Total Energy  Conserved En.    Temperature Pressure (bar)
    1.08100e+05   -4.38014e+05   -4.33537e+05    3.09094e+02    6.36613e+01
   Constr. rmsd
    3.19210e-06

           Step           Time
         395000      790.00000

   Energies (kJ/mol)
           Bond          Angle    Proper Dih. Per. Imp. Dih.          LJ-14
    3.18066e+03    9.10564e+03    1.06986e+04    5.53124e+02    4.02858e+03
     Coulomb-14        LJ (SR)   Coulomb (SR)   Coul. recip.      Potential
    4.23617e+04    6.56889e+04   -6.82057e+05    2.13203e+03   -5.44308e+05
    Kinetic En.   Total Energy  Conserved En.    Temperature Pressure (bar)
    1.08972e+05   -4.35336e+05   -4.33479e+05    3.11587e+02    6.07756e+01
   Constr. rmsd
    3.19210e-06

           Step           Time
         400000      800.00000

   Energies (kJ/mol)
           Bond          Angle    Proper Dih. Per. Imp. Dih.          LJ-14
    3.23082e+03    8.73124e+03    1.06854e+04    5.49846e+02    4.00181e+03
     Coulomb-14        LJ (SR)   Coulomb (SR)   Coul. recip.      Potential
    4.23286e+04    6.64226e+04   -6.83569e+05    2.10615e+03   -5.45513e+05
    Kinetic En.   Total Energy  Conserved En.    Temperature Pressure (bar)
    1.08144e+05   -4.37368e+05   -4.33453e+05    3.09221e+02    7.68559e+01
   Constr. rmsd
    3.19210e-06

           Step           Time
         405000      810.00000

   Energies (kJ/mol)
           Bond          Angle    Proper Dih. Per. Imp. Dih.          LJ-14
    3.37414e+03    9.00569e+03    1.06841e+04    5.32508e+02    3.93500e+03
     Coulomb-14        LJ (SR)   Coulomb (SR)   Coul. recip.      Potential
    4.18997e+04    6.48197e+04   -6.82118e+05    2.07935e+03   -5.45788e+05
    Kinetic En.   Total Energy  Conserved En.    Temperature Pressure (bar)
    1.08430e+05   -4.37358e+05   -4.33445e+05    3.10038e+02   -2.70292e+02
   Constr. rmsd
    3.19210e-06

           Step           Time
         410000      820.00000

   Energies (kJ/mol)
           Bond          Angle    Proper Dih. Per. Imp. Dih.          LJ-14
    3.23888e+03    9.00728e+03    1.06674e+04    4.81600e+02    3.91975e+03
     Coulomb-14        LJ (SR)   Coulomb (SR)   Coul. recip.      Potential
    4.22618e+04    6.51587e+04   -6.81560e+05    2.16956e+03   -5.44655e+05
    Kinetic En.   Total Energy  Conserved En.    Temperature Pressure (bar)
    1.08598e+05   -4.36057e+05   -4.33367e+05    3.10520e+02   -2.95207e+01
   Constr. rmsd
    3.19210e-06

           Step           Time
         415000      830.00000

   Energies (kJ/mol)
           Bond          Angle    Proper Dih. Per. Imp. Dih.          LJ-14
    3.23620e+03    8.66613e+03    1.06185e+04    5.07785e+02    3.91264e+03
     Coulomb-14        LJ (SR)   Coulomb (SR)   Coul. recip.      Potential
    4.27762e+04    6.74540e+04   -6.85046e+05    2.17336e+03   -5.45702e+05
    Kinetic En.   Total Energy  Conserved En.    Temperature Pressure (bar)
    1.07766e+05   -4.37935e+05   -4.33346e+05    3.08141e+02    9.49697e+01
   Constr. rmsd
    3.19210e-06

           Step           Time
         420000      840.00000

   Energies (kJ/mol)
           Bond          Angle    Proper Dih. Per. Imp. Dih.          LJ-14
    3.51007e+03    8.77096e+03    1.07416e+04    5.08273e+02    3.98572e+03
     Coulomb-14        LJ (SR)   Coulomb (SR)   Coul. recip.      Potential
    4.23061e+04    6.51985e+04   -6.80998e+05    2.18138e+03   -5.43796e+05
    Kinetic En.   Total Energy  Conserved En.    Temperature Pressure (bar)
    1.08421e+05   -4.35375e+05   -4.33294e+05    3.10011e+02   -5.09940e+01
   Constr. rmsd
    3.19210e-06

           Step           Time
         425000      850.00000

   Energies (kJ/mol)
           Bond          Angle    Proper Dih. Per. Imp. Dih.          LJ-14
    3.32215e+03    8.95120e+03    1.05896e+04    5.14229e+02    3.98064e+03
     Coulomb-14        LJ (SR)   Coulomb (SR)   Coul. recip.      Potential
    4.22842e+04    6.55266e+04   -6.82624e+05    2.14640e+03   -5.45309e+05
    Kinetic En.   Total Energy  Conserved En.    Temperature Pressure (bar)
    1.08116e+05   -4.37193e+05   -4.33274e+05    3.09141e+02   -1.32371e+01
   Constr. rmsd
    3.19210e-06

           Step           Time
         430000      860.00000

   Energies (kJ/mol)
           Bond          Angle    Proper Dih. Per. Imp. Dih.          LJ-14
    3.24257e+03    8.80573e+03    1.05882e+04    4.87275e+02    3.96494e+03
     Coulomb-14        LJ (SR)   Coulomb (SR)   Coul. recip.      Potential
    4.25477e+04    6.56590e+04   -6.82246e+05    2.13711e+03   -5.44813e+05
    Kinetic En.   Total Energy  Conserved En.    Temperature Pressure (bar)
    1.07327e+05   -4.37487e+05   -4.33237e+05    3.06883e+02   -1.65835e+01
   Constr. rmsd
    3.19210e-06

           Step           Time
         435000      870.00000

   Energies (kJ/mol)
           Bond          Angle    Proper Dih. Per. Imp. Dih.          LJ-14
    3.21516e+03    8.77693e+03    1.05861e+04    5.98871e+02    3.96814e+03
     Coulomb-14        LJ (SR)   Coulomb (SR)   Coul. recip.      Potential
    4.26245e+04    6.47702e+04   -6.81233e+05    2.12537e+03   -5.44568e+05
    Kinetic En.   Total Energy  Conserved En.    Temperature Pressure (bar)
    1.09001e+05   -4.35567e+05   -4.33248e+05    3.11671e+02    2.21391e+01
   Constr. rmsd
    3.19210e-06

           Step           Time
         440000      880.00000

   Energies (kJ/mol)
           Bond          Angle    Proper Dih. Per. Imp. Dih.          LJ-14
    3.24729e+03    8.98843e+03    1.06065e+04    5.58050e+02    3.99496e+03
     Coulomb-14        LJ (SR)   Coulomb (SR)   Coul. recip.      Potential
    4.21452e+04    6.48885e+04   -6.80856e+05    2.19887e+03   -5.44228e+05
    Kinetic En.   Total Energy  Conserved En.    Temperature Pressure (bar)
    1.08635e+05   -4.35593e+05   -4.33200e+05    3.10626e+02   -1.22699e+02
   Constr. rmsd
    3.19210e-06

           Step           Time
         445000      890.00000

   Energies (kJ/mol)
           Bond          Angle    Proper Dih. Per. Imp. Dih.          LJ-14
    3.27351e+03    8.83528e+03    1.05719e+04    5.35303e+02    4.03131e+03
     Coulomb-14        LJ (SR)   Coulomb (SR)   Coul. recip.      Potential
    4.23765e+04    6.44838e+04   -6.82156e+05    2.03796e+03   -5.46010e+05
    Kinetic En.   Total Energy  Conserved En.    Temperature Pressure (bar)
    1.08641e+05   -4.37369e+05   -4.33154e+05    3.10642e+02    3.61444e+00
   Constr. rmsd
    3.19210e-06

           Step           Time
         450000      900.00000

   Energies (kJ/mol)
           Bond          Angle    Proper Dih. Per. Imp. Dih.          LJ-14
    3.48511e+03    9.00496e+03    1.07130e+04    5.73260e+02    3.89242e+03
     Coulomb-14        LJ (SR)   Coulomb (SR)   Coul. recip.      Potential
    4.23292e+04    6.56252e+04   -6.82992e+05    2.13880e+03   -5.45230e+05
    Kinetic En.   Total Energy  Conserved En.    Temperature Pressure (bar)
    1.08946e+05   -4.36285e+05   -4.33102e+05    3.11513e+02   -1.54232e+02
   Constr. rmsd
    3.19210e-06

           Step           Time
         455000      910.00000

   Energies (kJ/mol)
           Bond          Angle    Proper Dih. Per. Imp. Dih.          LJ-14
    3.34888e+03    8.53657e+03    1.06298e+04    5.58802e+02    3.97345e+03
     Coulomb-14        LJ (SR)   Coulomb (SR)   Coul. recip.      Potential
    4.23890e+04    6.51871e+04   -6.81822e+05    2.20024e+03   -5.44998e+05
    Kinetic En.   Total Energy  Conserved En.    Temperature Pressure (bar)
    1.07918e+05   -4.37080e+05   -4.33081e+05    3.08573e+02    3.88020e+01
   Constr. rmsd
    3.19210e-06

           Step           Time
         460000      920.00000

   Energies (kJ/mol)
           Bond          Angle    Proper Dih. Per. Imp. Dih.          LJ-14
    3.30492e+03    8.86724e+03    1.06578e+04    5.13134e+02    3.89934e+03
     Coulomb-14        LJ (SR)   Coulomb (SR)   Coul. recip.      Potential
    4.21955e+04    6.47817e+04   -6.81032e+05    2.11748e+03   -5.44695e+05
    Kinetic En.   Total Energy  Conserved En.    Temperature Pressure (bar)
    1.08048e+05   -4.36647e+05   -4.33032e+05    3.08947e+02   -1.34730e+02
   Constr. rmsd
    3.19210e-06

           Step           Time
         465000      930.00000

   Energies (kJ/mol)
           Bond          Angle    Proper Dih. Per. Imp. Dih.          LJ-14
    3.47896e+03    8.84068e+03    1.06038e+04    5.18723e+02    4.04615e+03
     Coulomb-14        LJ (SR)   Coulomb (SR)   Coul. recip.      Potential
    4.23828e+04    6.59649e+04   -6.83363e+05    2.17005e+03   -5.45357e+05
    Kinetic En.   Total Energy  Conserved En.    Temperature Pressure (bar)
    1.08693e+05   -4.36664e+05   -4.32993e+05    3.10790e+02    4.42026e+01
   Constr. rmsd
    3.19210e-06

           Step           Time
         470000      940.00000

   Energies (kJ/mol)
           Bond          Angle    Proper Dih. Per. Imp. Dih.          LJ-14
    3.37237e+03    8.75133e+03    1.06011e+04    5.31294e+02    4.07109e+03
     Coulomb-14        LJ (SR)   Coulomb (SR)   Coul. recip.      Potential
    4.24013e+04    6.68345e+04   -6.84756e+05    2.20073e+03   -5.45993e+05
    Kinetic En.   Total Energy  Conserved En.    Temperature Pressure (bar)
    1.08234e+05   -4.37758e+05   -4.32985e+05    3.09479e+02    2.12065e+02
   Constr. rmsd
    3.19210e-06

           Step           Time
         475000      950.00000

   Energies (kJ/mol)
           Bond          Angle    Proper Dih. Per. Imp. Dih.          LJ-14
    3.33740e+03    8.67964e+03    1.07003e+04    5.30544e+02    3.96933e+03
     Coulomb-14        LJ (SR)   Coulomb (SR)   Coul. recip.      Potential
    4.22950e+04    6.55841e+04   -6.82584e+05    2.17144e+03   -5.45317e+05
    Kinetic En.   Total Energy  Conserved En.    Temperature Pressure (bar)
    1.08281e+05   -4.37036e+05   -4.32935e+05    3.09611e+02    1.82943e+01
   Constr. rmsd
    3.19210e-06

           Step           Time
         480000      960.00000

   Energies (kJ/mol)
           Bond          Angle    Proper Dih. Per. Imp. Dih.          LJ-14
    3.31466e+03    8.99760e+03    1.05839e+04    5.33018e+02    3.88478e+03
     Coulomb-14        LJ (SR)   Coulomb (SR)   Coul. recip.      Potential
    4.23070e+04    6.49810e+04   -6.82595e+05    2.10347e+03   -5.45889e+05
    Kinetic En.   Total Energy  Conserved En.    Temperature Pressure (bar)
    1.08276e+05   -4.37613e+05   -4.32907e+05    3.09599e+02   -2.65646e+02
   Constr. rmsd
    3.19210e-06

           Step           Time
         485000      970.00000

   Energies (kJ/mol)
           Bond          Angle    Proper Dih. Per. Imp. Dih.          LJ-14
    3.31278e+03    9.01006e+03    1.06471e+04    4.73206e+02    3.87394e+03
     Coulomb-14        LJ (SR)   Coulomb (SR)   Coul. recip.      Potential
    4.22852e+04    6.59801e+04   -6.82441e+05    2.21916e+03   -5.44640e+05
    Kinetic En.   Total Energy  Conserved En.    Temperature Pressure (bar)
    1.08364e+05   -4.36275e+05   -4.32870e+05    3.09851e+02   -1.59278e+02
   Constr. rmsd
    3.19210e-06

           Step           Time
         490000      980.00000

   Energies (kJ/mol)
           Bond          Angle    Proper Dih. Per. Imp. Dih.          LJ-14
    3.36612e+03    8.82671e+03    1.07497e+04    5.41599e+02    3.94570e+03
     Coulomb-14        LJ (SR)   Coulomb (SR)   Coul. recip.      Potential
    4.23775e+04    6.45444e+04   -6.81084e+05    2.15880e+03   -5.44573e+05
    Kinetic En.   Total Energy  Conserved En.    Temperature Pressure (bar)
    1.08429e+05   -4.36144e+05   -4.32830e+05    3.10035e+02   -1.28379e+02
   Constr. rmsd
    3.19210e-06

           Step           Time
         495000      990.00000

   Energies (kJ/mol)
           Bond          Angle    Proper Dih. Per. Imp. Dih.          LJ-14
    3.15244e+03    8.94500e+03    1.05645e+04    5.00834e+02    4.04731e+03
     Coulomb-14        LJ (SR)   Coulomb (SR)   Coul. recip.      Potential
    4.28341e+04    6.49958e+04   -6.82166e+05    2.18919e+03   -5.44937e+05
    Kinetic En.   Total Energy  Conserved En.    Temperature Pressure (bar)
    1.08211e+05   -4.36726e+05   -4.32773e+05    3.09412e+02   -9.43276e+01
   Constr. rmsd
    3.19210e-06

           Step           Time
         500000     1000.00000

Writing checkpoint, step 500000 at Fri Apr 10 13:50:36 2026


   Energies (kJ/mol)
           Bond          Angle    Proper Dih. Per. Imp. Dih.          LJ-14
    3.45653e+03    8.92787e+03    1.05849e+04    5.82354e+02    4.02441e+03
     Coulomb-14        LJ (SR)   Coulomb (SR)   Coul. recip.      Potential
    4.24109e+04    6.48979e+04   -6.82596e+05    2.21761e+03   -5.45494e+05
    Kinetic En.   Total Energy  Conserved En.    Temperature Pressure (bar)
    1.07658e+05   -4.37836e+05   -4.32720e+05    3.07830e+02   -1.04868e+02
   Constr. rmsd
    3.19210e-06


Energy conservation over simulation part #1 of length 1000 ps, time 0 to 1000 ps
  Conserved energy drift: 8.69e-05 kJ/mol/ps per atom


	<======  ###############  ==>
	<====  A V E R A G E S  ====>
	<==  ###############  ======>

	Statistics over 500001 steps using 5001 frames

   Energies (kJ/mol)
           Bond          Angle    Proper Dih. Per. Imp. Dih.          LJ-14
    3.29703e+03    8.86043e+03    1.06075e+04    5.32759e+02    3.99866e+03
     Coulomb-14        LJ (SR)   Coulomb (SR)   Coul. recip.      Potential
    4.22987e+04    6.55824e+04   -6.82564e+05    2.16079e+03   -5.45226e+05
    Kinetic En.   Total Energy  Conserved En.    Temperature Pressure (bar)
    1.08442e+05   -4.36784e+05   -4.34528e+05    3.10073e+02    3.67539e+00
   Constr. rmsd
    0.00000e+00

          Box-X          Box-Y          Box-Z
    8.37919e+00    8.37919e+00    5.92498e+00

   Total Virial (kJ/mol)
    3.60662e+04    2.09004e+01   -5.22373e+00
    2.09038e+01    3.60862e+04   -1.10975e+01
   -5.22742e+00   -1.11000e+01    3.61561e+04

   Pressure (bar)
    5.57477e+00   -5.93324e-01    2.28241e+00
   -5.93601e-01    5.24036e+00    1.93037e+00
    2.28271e+00    1.93057e+00    2.11049e-01

      T-Protein  T-non-Protein
    3.10250e+02    3.10049e+02


       P P   -   P M E   L O A D   B A L A N C I N G

 PP/PME load balancing changed the cut-off and PME settings:
           particle-particle                    PME
            rcoulomb  rlist            grid      spacing   1/beta
   initial  1.200 nm  1.203 nm      56  56  56   0.150 nm  0.384 nm
   final    1.212 nm  1.215 nm      52  52  52   0.162 nm  0.388 nm
 cost-ratio           1.03             0.80
 (note that these numbers concern only part of the total PP and PME load)


	M E G A - F L O P S   A C C O U N T I N G

 NB=Group-cutoff nonbonded kernels    NxN=N-by-N cluster Verlet kernels
 RF=Reaction-Field  VdW=Van der Waals  QSTab=quadratic-spline table
 W3=SPC/TIP3p  W4=TIP4p (single or pairs)
 V&F=Potential and force  V=Potential only  F=Force only

 Computing:                               M-Number         M-Flops  % Flops
-----------------------------------------------------------------------------
 Pair Search distance check           24669.831968      222028.488     0.0
 NxN Ewald Elec. + LJ [F]          26635759.242048  1757960109.975    98.2
 NxN Ewald Elec. + LJ [V&F]          269101.748160    28793887.053     1.6
 1,4 nonbonded interactions            5409.510819      486855.974     0.0
 Shift-X                                204.980988        1229.886     0.0
 Bonds                                 1060.002120       62540.125     0.0
 Angles                                3765.007530      632521.265     0.0
 Propers                               5784.011568     1324538.649     0.1
 Impropers                              413.000826       85904.172     0.0
 Virial                                4103.341033       73860.139     0.0
 Stop-CM                                205.021976        2050.220     0.0
 Calc-Ekin                             8197.681976      221337.413     0.0
 Lincs                                    0.004086           0.245     0.0
 Lincs-Mat                                0.021480           0.086     0.0
 Constraint-V                             0.040878           0.368     0.0
 Settle                                   0.024528           9.075     0.0
-----------------------------------------------------------------------------
 Total                                              1789866873.133   100.0
-----------------------------------------------------------------------------


      R E A L   C Y C L E   A N D   T I M E   A C C O U N T I N G

On 1 MPI rank, each using 4 OpenMP threads

 Activity:              Num   Num      Call    Wall time         Giga-Cycles
                        Ranks Threads  Count      (s)         total sum    %
--------------------------------------------------------------------------------
 Neighbor search           1    4       5001      43.891        351.125   7.0
 Launch PP GPU ops.        1    4     995001      99.133        793.061  15.9
 Force                     1    4     500001     211.756       1694.051  34.0
 PME GPU mesh              1    4     500001      42.059        336.471   6.7
 Wait GPU NB local         1    4     500001       3.794         30.351   0.6
 Wait GPU state copy       1    4    1215003     162.528       1300.227  26.1
 NB X/F buffer ops.        1    4     100001      13.818        110.547   2.2
 Write traj.               1    4        101       0.393          3.145   0.1
 Constraints               1    4          2       0.000          0.003   0.0
 GPU constr. setup         1    4          1       0.001          0.004   0.0
 Kinetic energy            1    4     200001      27.326        218.607   4.4
 Rest                                             18.932        151.457   3.0
--------------------------------------------------------------------------------
 Total                                           623.631       4989.050 100.0
--------------------------------------------------------------------------------
 Breakdown of PME mesh activities
--------------------------------------------------------------------------------
 Wait PME GPU gather       1    4     500001       0.575          4.599   0.1
 Reduce GPU PME F          1    4     500001       2.803         22.424   0.4
 Launch PME GPU ops.       1    4    4500009      37.572        300.580   6.0
--------------------------------------------------------------------------------

               Core t (s)   Wall t (s)        (%)
       Time:     2494.517      623.631      400.0
                 (ns/day)    (hour/ns)
Performance:      138.544        0.173
Finished mdrun on rank 0 Fri Apr 10 13:50:36 2026

